07/02/2024 09:28:19: Sleeping 300 sec...
07/02/2024 09:28:47: Sleeping 300 sec...
07/02/2024 09:29:12: Sleeping 300 sec...
07/02/2024 09:34:14: Running again...
07/02/2024 09:34:24: Sleeping 300 sec...
07/02/2024 09:39:27: Running again...
07/02/2024 09:39:36: Sleeping 300 sec...
07/02/2024 09:44:38: Running again...
07/02/2024 09:44:48: Sleeping 300 sec...
07/02/2024 09:49:50: Running again...
07/02/2024 09:50:37: Sleeping 300 sec...
07/02/2024 10:14:49: Sleeping 300 sec...
07/02/2024 10:19:05: Checking >> ScreenMix...
07/02/2024 10:19:07: Creating new profile >> ScreenMix
07/02/2024 10:19:19: Sleeping 300 sec...
07/02/2024 10:20:06: Checking >> ScreenMix...
07/02/2024 10:20:21: Sleeping 300 sec...
07/02/2024 10:25:23: Running again...
07/02/2024 10:25:28: Checking >> ScreenMix...
07/02/2024 10:26:24: Checking >> ScreenMix...
07/02/2024 10:26:39: Sleeping 300 sec...
07/02/2024 10:31:41: Running again...
07/02/2024 10:31:47: Checking >> ScreenMix...
07/02/2024 10:32:06: Sleeping 300 sec...
07/02/2024 10:37:08: Running again...
07/02/2024 10:37:13: Checking >> ScreenMix...
07/02/2024 10:37:31: Sleeping 300 sec...
07/02/2024 10:42:34: Running again...
07/02/2024 10:42:39: Checking >> ScreenMix...
07/02/2024 10:42:57: Sleeping 300 sec...
07/02/2024 10:48:00: Running again...
07/02/2024 10:48:06: Checking >> ScreenMix...
07/02/2024 10:48:25: Sleeping 300 sec...
07/02/2024 10:53:27: Running again...
07/02/2024 17:23:03: Checking >> ScreenMix...
07/02/2024 17:23:08: A new tweet found https://twitter.com/ScreenMix/status/1755173747231703180
07/02/2024 17:23:18: Message sent successfully
07/02/2024 17:23:19: A new tweet found https://twitter.com/ScreenMix/status/1755164897220936121
07/02/2024 17:23:22: Message sent successfully
07/02/2024 17:23:22: A new tweet found https://twitter.com/ScreenMix/status/1755160519772688730
07/02/2024 17:23:27: Message sent successfully
07/02/2024 17:23:27: A new tweet found https://twitter.com/ScreenMix/status/1755147556143690052
07/02/2024 17:23:31: Message sent successfully
07/02/2024 17:23:41: Sleeping 300 sec...
07/02/2024 17:24:46: Checking >> ScreenMix...
07/02/2024 17:25:01: Checking >> cb_doge...
07/02/2024 17:25:06: Creating new profile >> cb_doge
07/02/2024 17:25:21: Sleeping 300 sec...
07/02/2024 17:30:23: Running again...
07/02/2024 17:30:31: Checking >> ScreenMix...
07/02/2024 17:30:49: Checking >> cb_doge...
07/02/2024 17:31:02: Sleeping 300 sec...
07/02/2024 17:36:05: Running again...
07/02/2024 17:36:09: Checking >> ScreenMix...
07/02/2024 17:36:18: A new tweet found https://twitter.com/ScreenMix/status/1755177847008715184
07/02/2024 17:36:23: Message sent successfully
07/02/2024 17:36:34: Checking >> cb_doge...
07/02/2024 17:36:48: Sleeping 300 sec...
07/02/2024 17:41:50: Running again...
08/02/2024 09:32:13: Checking >> ScreenMix...
08/02/2024 09:32:17: A new tweet found https://twitter.com/ScreenMix
08/02/2024 09:32:21: Message sent successfully
08/02/2024 09:32:22: A new tweet found https://twitter.com/ScreenMix
08/02/2024 09:32:25: Message sent successfully
08/02/2024 09:32:25: A new tweet found https://twitter.com/ScreenMix
08/02/2024 09:32:28: Message sent successfully
08/02/2024 09:32:28: A new tweet found https://twitter.com/ScreenMix
08/02/2024 09:32:31: Message sent successfully
08/02/2024 09:32:31: A new tweet found https://twitter.com/ScreenMix
08/02/2024 09:32:32: Message sent successfully
08/02/2024 09:32:33: A new tweet found https://twitter.com/ScreenMix
08/02/2024 09:32:34: Message sent successfully
08/02/2024 09:32:34: A new tweet found https://twitter.com/ScreenMix
08/02/2024 09:32:36: Message sent successfully
08/02/2024 09:32:37: A new tweet found https://twitter.com/ScreenMix
08/02/2024 09:32:43: Message sent successfully
08/02/2024 09:32:43: A new tweet found https://twitter.com/ScreenMix/status/1755352126283243835
08/02/2024 09:32:45: Message sent successfully
08/02/2024 09:32:45: A new tweet found https://twitter.com/ScreenMix/status/1755348573254778971
08/02/2024 09:32:47: Message sent successfully
08/02/2024 09:32:47: A new tweet found https://twitter.com/ScreenMix/status/1755344457434550606
08/02/2024 09:32:50: Message sent successfully
08/02/2024 09:32:50: A new tweet found https://twitter.com/ScreenMix/status/1755341209076117650
08/02/2024 09:32:53: Message sent successfully
08/02/2024 09:32:53: A new tweet found https://twitter.com/ScreenMix/status/1755338009036083704
08/02/2024 09:32:55: Message sent successfully
08/02/2024 09:32:55: A new tweet found https://twitter.com/ScreenMix/status/1755334303074963533
08/02/2024 09:32:57: Message sent successfully
08/02/2024 09:32:58: A new tweet found https://twitter.com/Sarmad/status/1755317622441197699
08/02/2024 09:33:01: Message sent successfully
08/02/2024 09:33:01: A new tweet found https://twitter.com/ScreenMix/status/1755324502827782460
08/02/2024 09:33:03: Message sent successfully
08/02/2024 09:33:03: A new tweet found https://twitter.com/ScreenMix/status/1755317033376350297
08/02/2024 09:33:05: Message sent successfully
08/02/2024 09:33:05: A new tweet found https://twitter.com/ScreenMix/status/1755312696638025986
08/02/2024 09:33:07: Message sent successfully
08/02/2024 09:33:07: A new tweet found https://twitter.com/ScreenMix/status/1755311579887804726
08/02/2024 09:33:09: Message sent successfully
08/02/2024 09:33:10: A new tweet found https://twitter.com/ScreenMix/status/1755308420498878843
08/02/2024 09:33:15: Message sent successfully
08/02/2024 09:33:15: A new tweet found https://twitter.com/ScreenMix/status/1755304434551148562
08/02/2024 09:33:17: Message sent successfully
08/02/2024 09:33:18: A new tweet found https://twitter.com/ScreenMix/status/1755304158226243791
08/02/2024 09:33:20: Message sent successfully
08/02/2024 09:33:20: A new tweet found https://twitter.com/ScreenMix/status/1755303062959251902
08/02/2024 09:33:23: Message sent successfully
08/02/2024 09:33:23: A new tweet found https://twitter.com/ScreenMix/status/1755302669067944184
08/02/2024 09:33:28: Message sent successfully
08/02/2024 09:33:28: A new tweet found https://twitter.com/FideoMix/status/1755290439538614391
08/02/2024 09:33:30: Message sent successfully
08/02/2024 09:33:30: A new tweet found https://twitter.com/ScreenMix/status/1755295684503150674
08/02/2024 09:33:31: Message sent successfully
08/02/2024 09:33:32: A new tweet found https://twitter.com/ScreenMix
08/02/2024 09:33:33: Message sent successfully
08/02/2024 09:33:33: A new tweet found https://twitter.com/ScreenMix
08/02/2024 09:33:40: Message sent successfully
08/02/2024 09:33:41: A new tweet found https://twitter.com/ScreenMix
08/02/2024 09:33:45: Message sent successfully
08/02/2024 09:33:48: A new tweet found https://twitter.com/ScreenMix
08/02/2024 09:33:49: Message sent successfully
08/02/2024 09:33:56: A new tweet found https://twitter.com/ScreenMix
08/02/2024 09:33:57: Message sent successfully
08/02/2024 09:33:57: A new tweet found https://twitter.com/ScreenMix/status/1755352126283243835
08/02/2024 09:33:59: Message sent successfully
08/02/2024 09:33:59: A new tweet found https://twitter.com/ScreenMix/status/1755348573254778971
08/02/2024 09:34:00: Message sent successfully
08/02/2024 09:34:00: A new tweet found https://twitter.com/ScreenMix/status/1755344457434550606
08/02/2024 09:34:01: Message sent successfully
08/02/2024 09:34:01: A new tweet found https://twitter.com/ScreenMix/status/1755341209076117650
08/02/2024 09:34:08: Message sent successfully
